TN:
SF:src\modules\analyses\services\CreateAnalysisService.ts
FN:12,(anonymous_0)
FN:20,(anonymous_1)
FNF:2
FNH:2
FNDA:9,(anonymous_0)
FNDA:7,(anonymous_1)
DA:25,7
DA:26,1
DA:29,6
DA:31,6
DA:32,1
DA:35,5
DA:41,5
DA:43,5
DA:47,5
LF:9
LH:9
BRDA:25,0,0,1
BRDA:25,0,1,6
BRDA:25,1,0,7
BRDA:25,1,1,6
BRDA:25,1,2,6
BRDA:31,2,0,1
BRDA:31,2,1,5
BRF:7
BRH:7
end_of_record
TN:
SF:src\modules\analyses\services\ListAnalysesService.ts
FN:10,(anonymous_0)
FN:18,(anonymous_1)
FNF:2
FNH:2
FNDA:2,(anonymous_0)
FNDA:2,(anonymous_1)
DA:19,2
DA:23,2
DA:24,2
DA:26,2
DA:27,1
DA:30,1
DA:33,1
LF:7
LH:7
BRDA:23,0,0,2
BRDA:23,0,1,0
BRDA:26,1,0,1
BRDA:26,1,1,1
BRF:4
BRH:3
end_of_record
TN:
SF:src\modules\analyses\services\ListSpecificAnalysisService.ts
FN:11,(anonymous_0)
FN:19,(anonymous_1)
FNF:2
FNH:2
FNDA:4,(anonymous_0)
FNDA:3,(anonymous_1)
DA:20,3
DA:22,3
DA:23,1
DA:26,2
DA:30,2
DA:32,2
DA:33,2
DA:35,2
DA:36,1
DA:39,1
DA:45,1
LF:11
LH:11
BRDA:22,0,0,1
BRDA:22,0,1,2
BRDA:32,1,0,2
BRDA:32,1,1,0
BRDA:35,2,0,1
BRDA:35,2,1,1
BRF:6
BRH:5
end_of_record
